mode: set
DevOps_Oct2023_TeamB_Assignment/microservices/record/record.go:32.30,34.2 1 1
DevOps_Oct2023_TeamB_Assignment/microservices/record/record.go:36.11,38.16 2 0
DevOps_Oct2023_TeamB_Assignment/microservices/record/record.go:38.16,40.3 1 0
DevOps_Oct2023_TeamB_Assignment/microservices/record/record.go:42.2,42.34 1 0
DevOps_Oct2023_TeamB_Assignment/microservices/record/record.go:42.34,44.3 1 0
DevOps_Oct2023_TeamB_Assignment/microservices/record/record.go:46.2,46.42 1 0
DevOps_Oct2023_TeamB_Assignment/microservices/record/record.go:49.23,62.12 10 0
DevOps_Oct2023_TeamB_Assignment/microservices/record/record.go:62.12,64.3 1 0
DevOps_Oct2023_TeamB_Assignment/microservices/record/record.go:67.53,68.71 1 0
DevOps_Oct2023_TeamB_Assignment/microservices/record/record.go:68.71,73.3 4 0
DevOps_Oct2023_TeamB_Assignment/microservices/record/record.go:77.68,79.16 2 1
DevOps_Oct2023_TeamB_Assignment/microservices/record/record.go:79.16,82.3 2 1
DevOps_Oct2023_TeamB_Assignment/microservices/record/record.go:83.2,86.18 3 1
DevOps_Oct2023_TeamB_Assignment/microservices/record/record.go:86.18,89.17 3 1
DevOps_Oct2023_TeamB_Assignment/microservices/record/record.go:89.17,92.4 2 0
DevOps_Oct2023_TeamB_Assignment/microservices/record/record.go:93.3,93.36 1 1
DevOps_Oct2023_TeamB_Assignment/microservices/record/record.go:97.2,98.36 2 1
DevOps_Oct2023_TeamB_Assignment/microservices/record/record.go:102.66,105.16 3 1
DevOps_Oct2023_TeamB_Assignment/microservices/record/record.go:105.16,108.3 2 1
DevOps_Oct2023_TeamB_Assignment/microservices/record/record.go:111.2,112.16 2 1
DevOps_Oct2023_TeamB_Assignment/microservices/record/record.go:112.16,115.3 2 1
DevOps_Oct2023_TeamB_Assignment/microservices/record/record.go:116.2,119.16 3 1
DevOps_Oct2023_TeamB_Assignment/microservices/record/record.go:119.16,122.3 2 1
DevOps_Oct2023_TeamB_Assignment/microservices/record/record.go:124.2,125.48 2 1
DevOps_Oct2023_TeamB_Assignment/microservices/record/record.go:128.66,131.20 2 1
DevOps_Oct2023_TeamB_Assignment/microservices/record/record.go:131.20,134.3 2 1
DevOps_Oct2023_TeamB_Assignment/microservices/record/record.go:137.2,138.16 2 1
DevOps_Oct2023_TeamB_Assignment/microservices/record/record.go:138.16,141.3 2 1
DevOps_Oct2023_TeamB_Assignment/microservices/record/record.go:142.2,145.16 3 1
DevOps_Oct2023_TeamB_Assignment/microservices/record/record.go:145.16,148.3 2 1
DevOps_Oct2023_TeamB_Assignment/microservices/record/record.go:150.2,151.48 2 1
DevOps_Oct2023_TeamB_Assignment/microservices/record/record.go:154.66,158.16 3 1
DevOps_Oct2023_TeamB_Assignment/microservices/record/record.go:158.16,161.3 2 0
DevOps_Oct2023_TeamB_Assignment/microservices/record/record.go:163.2,165.16 3 1
DevOps_Oct2023_TeamB_Assignment/microservices/record/record.go:165.16,168.3 2 0
DevOps_Oct2023_TeamB_Assignment/microservices/record/record.go:171.2,172.16 2 1
DevOps_Oct2023_TeamB_Assignment/microservices/record/record.go:172.16,175.3 2 0
DevOps_Oct2023_TeamB_Assignment/microservices/record/record.go:176.2,179.16 3 1
DevOps_Oct2023_TeamB_Assignment/microservices/record/record.go:179.16,182.3 2 0
DevOps_Oct2023_TeamB_Assignment/microservices/record/record.go:184.2,185.49 2 1
DevOps_Oct2023_TeamB_Assignment/microservices/record/record.go:188.65,194.16 3 0
DevOps_Oct2023_TeamB_Assignment/microservices/record/record.go:194.16,197.3 2 0
DevOps_Oct2023_TeamB_Assignment/microservices/record/record.go:198.2,204.18 3 0
DevOps_Oct2023_TeamB_Assignment/microservices/record/record.go:204.18,206.214 2 0
DevOps_Oct2023_TeamB_Assignment/microservices/record/record.go:206.214,209.4 2 0
DevOps_Oct2023_TeamB_Assignment/microservices/record/record.go:210.3,210.48 1 0
DevOps_Oct2023_TeamB_Assignment/microservices/record/record.go:214.2,214.35 1 0
DevOps_Oct2023_TeamB_Assignment/microservices/record/record.go:214.35,217.3 2 0
DevOps_Oct2023_TeamB_Assignment/microservices/record/record.go:220.2,221.42 2 0
