mode: set
DevOps_Oct2023_TeamB_Assignment/microservices/account/account.go:29.30,31.2 1 1
DevOps_Oct2023_TeamB_Assignment/microservices/account/account.go:33.11,35.16 2 0
DevOps_Oct2023_TeamB_Assignment/microservices/account/account.go:35.16,37.3 1 0
DevOps_Oct2023_TeamB_Assignment/microservices/account/account.go:39.2,39.34 1 0
DevOps_Oct2023_TeamB_Assignment/microservices/account/account.go:39.34,41.3 1 0
DevOps_Oct2023_TeamB_Assignment/microservices/account/account.go:43.2,43.42 1 0
DevOps_Oct2023_TeamB_Assignment/microservices/account/account.go:46.23,67.2 12 0
DevOps_Oct2023_TeamB_Assignment/microservices/account/account.go:69.63,72.16 3 1
DevOps_Oct2023_TeamB_Assignment/microservices/account/account.go:72.16,75.3 2 1
DevOps_Oct2023_TeamB_Assignment/microservices/account/account.go:78.2,79.16 2 1
DevOps_Oct2023_TeamB_Assignment/microservices/account/account.go:79.16,82.3 2 1
DevOps_Oct2023_TeamB_Assignment/microservices/account/account.go:83.2,86.16 3 1
DevOps_Oct2023_TeamB_Assignment/microservices/account/account.go:86.16,89.3 2 1
DevOps_Oct2023_TeamB_Assignment/microservices/account/account.go:91.2,92.49 2 1
DevOps_Oct2023_TeamB_Assignment/microservices/account/account.go:95.60,99.38 3 1
DevOps_Oct2023_TeamB_Assignment/microservices/account/account.go:99.38,102.3 2 1
DevOps_Oct2023_TeamB_Assignment/microservices/account/account.go:104.2,106.26 3 1
DevOps_Oct2023_TeamB_Assignment/microservices/account/account.go:106.26,109.3 2 1
DevOps_Oct2023_TeamB_Assignment/microservices/account/account.go:109.8,109.23 1 1
DevOps_Oct2023_TeamB_Assignment/microservices/account/account.go:109.23,112.3 2 1
DevOps_Oct2023_TeamB_Assignment/microservices/account/account.go:115.2,117.32 3 1
DevOps_Oct2023_TeamB_Assignment/microservices/account/account.go:120.65,122.16 2 1
DevOps_Oct2023_TeamB_Assignment/microservices/account/account.go:122.16,125.3 2 1
DevOps_Oct2023_TeamB_Assignment/microservices/account/account.go:126.2,129.18 3 1
DevOps_Oct2023_TeamB_Assignment/microservices/account/account.go:129.18,132.17 3 1
DevOps_Oct2023_TeamB_Assignment/microservices/account/account.go:132.17,135.4 2 0
DevOps_Oct2023_TeamB_Assignment/microservices/account/account.go:136.3,136.27 1 1
DevOps_Oct2023_TeamB_Assignment/microservices/account/account.go:140.2,141.33 2 1
DevOps_Oct2023_TeamB_Assignment/microservices/account/account.go:144.64,147.17 2 1
DevOps_Oct2023_TeamB_Assignment/microservices/account/account.go:147.17,150.3 2 1
DevOps_Oct2023_TeamB_Assignment/microservices/account/account.go:153.2,154.16 2 1
DevOps_Oct2023_TeamB_Assignment/microservices/account/account.go:154.16,157.3 2 1
DevOps_Oct2023_TeamB_Assignment/microservices/account/account.go:158.2,161.16 3 1
DevOps_Oct2023_TeamB_Assignment/microservices/account/account.go:161.16,164.3 2 1
DevOps_Oct2023_TeamB_Assignment/microservices/account/account.go:166.2,167.50 2 1
DevOps_Oct2023_TeamB_Assignment/microservices/account/account.go:170.68,173.16 3 1
DevOps_Oct2023_TeamB_Assignment/microservices/account/account.go:173.16,176.3 2 1
DevOps_Oct2023_TeamB_Assignment/microservices/account/account.go:179.2,180.16 2 1
DevOps_Oct2023_TeamB_Assignment/microservices/account/account.go:180.16,183.3 2 1
DevOps_Oct2023_TeamB_Assignment/microservices/account/account.go:184.2,187.16 3 1
DevOps_Oct2023_TeamB_Assignment/microservices/account/account.go:187.16,190.3 2 1
DevOps_Oct2023_TeamB_Assignment/microservices/account/account.go:192.2,193.49 2 1
DevOps_Oct2023_TeamB_Assignment/microservices/account/account.go:196.63,199.17 2 1
DevOps_Oct2023_TeamB_Assignment/microservices/account/account.go:199.17,202.3 2 1
DevOps_Oct2023_TeamB_Assignment/microservices/account/account.go:205.2,206.16 2 1
DevOps_Oct2023_TeamB_Assignment/microservices/account/account.go:206.16,209.3 2 1
DevOps_Oct2023_TeamB_Assignment/microservices/account/account.go:210.2,213.16 3 1
DevOps_Oct2023_TeamB_Assignment/microservices/account/account.go:213.16,216.3 2 1
DevOps_Oct2023_TeamB_Assignment/microservices/account/account.go:218.2,219.49 2 1
DevOps_Oct2023_TeamB_Assignment/microservices/account/account.go:222.68,233.2 6 1
DevOps_Oct2023_TeamB_Assignment/microservices/account/account.go:235.63,239.16 3 1
DevOps_Oct2023_TeamB_Assignment/microservices/account/account.go:239.16,242.3 2 1
DevOps_Oct2023_TeamB_Assignment/microservices/account/account.go:244.2,246.16 3 1
DevOps_Oct2023_TeamB_Assignment/microservices/account/account.go:246.16,249.3 2 1
DevOps_Oct2023_TeamB_Assignment/microservices/account/account.go:252.2,253.16 2 1
DevOps_Oct2023_TeamB_Assignment/microservices/account/account.go:253.16,256.3 2 1
DevOps_Oct2023_TeamB_Assignment/microservices/account/account.go:257.2,260.16 3 1
DevOps_Oct2023_TeamB_Assignment/microservices/account/account.go:260.16,263.3 2 1
DevOps_Oct2023_TeamB_Assignment/microservices/account/account.go:265.2,266.50 2 1
